0 info it worked if it ends with ok
1 verbose cli [
1 verbose cli   'C:\\Program Files\\nodejs\\node.exe',
1 verbose cli   'D:\\workspace\\github\\icon\\node_modules\\npm\\bin\\npm-cli.js',
1 verbose cli   'run',
1 verbose cli   'client'
1 verbose cli ]
2 info using npm@3.10.10
3 info using node@v22.14.0
4 verbose run-script [ 'preclient', 'client', 'postclient' ]
5 info lifecycle online-icon-library@1.0.0~preclient: online-icon-library@1.0.0
6 silly lifecycle online-icon-library@1.0.0~preclient: no script for preclient, continuing
7 info lifecycle online-icon-library@1.0.0~client: online-icon-library@1.0.0
8 verbose lifecycle online-icon-library@1.0.0~client: unsafe-perm in lifecycle true
9 verbose lifecycle online-icon-library@1.0.0~client: PATH: D:\workspace\github\icon\node_modules\npm\bin\node-gyp-bin;D:\workspace\github\icon\node_modules\.bin;D:\workspace\github\icon\node_modules\.bin;D:\workspace\github\node_modules\.bin;D:\workspace\node_modules\.bin;D:\node_modules\.bin;C:\Users\Carol\AppData\Roaming\npm\node_modules\npm\node_modules\@npmcli\run-script\lib\node-gyp-bin;C:\Program Files (x86)\Common Files\Oracle\Java\java8path;C:\Program Files (x86)\Common Files\Oracle\Java\javapath;C:\Users\Carol\AppData\Local\Programs\Python\Python313\Scripts\;C:\Users\Carol\AppData\Local\Programs\Python\Python313\;C:\WINDOWS\system32;C:\WINDOWS;C:\WINDOWS\System32\Wbem;C:\WINDOWS\System32\WindowsPowerShell\v1.0\;C:\WINDOWS\System32\OpenSSH\;C:\Program Files\Git\cmd;c:\Users\Carol\AppData\Local\Programs\cursor\resources\app\bin;C:\Program Files\nodejs\;C:\ProgramData\chocolatey\bin;C:\Program Files\PuTTY\;D:\tools\maven-mvnd-1.0.2-windows-amd64\bin;C:\Users\Carol\AppData\Local\Microsoft\WindowsApps;C:\Program Files\JetBrains\IntelliJ IDEA 2024.3.5\bin;C:\Program Files\JetBrains\PyCharm 2024.3.5\bin;C:\Users\Carol\AppData\Local\Programs\cursor\resources\app\bin;C:\Users\Carol\AppData\Roaming\npm;C:\Program Files\JetBrains\IntelliJ IDEA Community Edition 2025.1.3\bin;C:\WINDOWS\system32\apache-maven\bin;C:\Users\Carol\AppData\Local\Microsoft\WindowsApps;;C:\Program Files\JetBrains\IntelliJ IDEA 2024.3.5\bin;;C:\Program Files\JetBrains\PyCharm 2024.3.5\bin;;C:\Users\Carol\AppData\Roaming\npm;C:\Program Files\JetBrains\IntelliJ IDEA Community Edition 2025.1.3\bin;;D:\tools\CodeBuddy\bin;D:\tools\cursor\resources\app\bin
10 verbose lifecycle online-icon-library@1.0.0~client: CWD: D:\workspace\github\icon
11 silly lifecycle online-icon-library@1.0.0~client: Args: [ '/d /s /c', 'cd client && npm run dev' ]
12 silly lifecycle online-icon-library@1.0.0~client: Returned: code: 1  signal: null
13 info lifecycle online-icon-library@1.0.0~client: Failed to exec client script
14 verbose stack Error: online-icon-library@1.0.0 client: `cd client && npm run dev`
14 verbose stack Exit status 1
14 verbose stack     at EventEmitter.<anonymous> (D:\workspace\github\icon\node_modules\npm\lib\utils\lifecycle.js:255:16)
14 verbose stack     at EventEmitter.emit (node:events:518:28)
14 verbose stack     at ChildProcess.<anonymous> (D:\workspace\github\icon\node_modules\npm\lib\utils\spawn.js:40:14)
14 verbose stack     at ChildProcess.emit (node:events:518:28)
14 verbose stack     at maybeClose (node:internal/child_process:1101:16)
14 verbose stack     at ChildProcess._handle.onexit (node:internal/child_process:304:5)
15 verbose pkgid online-icon-library@1.0.0
16 verbose cwd D:\workspace\github\icon
17 error Windows_NT 10.0.22000
18 error argv "C:\\Program Files\\nodejs\\node.exe" "D:\\workspace\\github\\icon\\node_modules\\npm\\bin\\npm-cli.js" "run" "client"
19 error node v22.14.0
20 error npm  v3.10.10
21 error code ELIFECYCLE
22 error online-icon-library@1.0.0 client: `cd client && npm run dev`
22 error Exit status 1
23 error Failed at the online-icon-library@1.0.0 client script 'cd client && npm run dev'.
23 error Make sure you have the latest version of node.js and npm installed.
23 error If you do, this is most likely a problem with the online-icon-library package,
23 error not with npm itself.
23 error Tell the author that this fails on your system:
23 error     cd client && npm run dev
23 error You can get information on how to open an issue for this project with:
23 error     npm bugs online-icon-library
23 error Or if that isn't available, you can get their info via:
23 error     npm owner ls online-icon-library
23 error There is likely additional logging output above.
24 verbose exit [ 1, true ]
